<?xml version="1.0" encoding="utf-8"?><testsuites><testsuite name="pytest" errors="0" failures="0" skipped="0" tests="2" time="15.106" timestamp="2020-11-05T15:55:40.698168" hostname="LAPTOP-N46K05E5"><testcase classname="test_dir.test_baidu.TestSearch" name="test_baidu_search_case" time="10.009" /><testcase classname="test_dir.test_baidu.TestSearch.TestSearchSettings" name="test_baidu_search_setting" time="4.954" /></testsuite></testsuites>